Chapter_111/app/build/intermediates/manifest_merge_blame_file/debug/manifest-merger-blame-debug-report.txt
1<?xml version="1.0" encoding="utf-8"?>
2<manifest xmlns:android="http://schemas.android.com/apk/res/android"
3    package="com.ryg.chapter_11"
4    android:versionCode="1"
5    android:versionName="1.0" >
6
7    <uses-sdk
7-->src/main/AndroidManifest.xml:7:5-47
8        android:minSdkVersion="8"
8-->src/main/AndroidManifest.xml:7:5-47
9        android:targetSdkVersion="19" />
9-->src/main/AndroidManifest.xml:7:15-44
10
11    <uses-permission android:name="com.ryg.PROVIDER" />
11-->src/main/AndroidManifest.xml:9:5-56
11-->src/main/AndroidManifest.xml:9:22-53
12
13    <application
13-->src/main/AndroidManifest.xml:11:5-48:19
14        android:allowBackup="true"
14-->src/main/AndroidManifest.xml:12:9-35
15        android:debuggable="true"
16        android:icon="@drawable/ic_launcher"
16-->src/main/AndroidManifest.xml:13:9-45
17        android:label="@string/app_name"
17-->src/main/AndroidManifest.xml:14:9-41
18        android:theme="@style/AppTheme" >
18-->src/main/AndroidManifest.xml:15:9-40
19        <activity
19-->src/main/AndroidManifest.xml:16:9-20:45
20            android:name="com.ryg.chapter_11.TestActivity"
20-->src/main/AndroidManifest.xml:17:13-41
21            android:configChanges="orientation|screenSize"
21-->src/main/AndroidManifest.xml:18:13-59
22            android:label="@string/app_name"
22-->src/main/AndroidManifest.xml:19:13-45
23            android:launchMode="standard" />
23-->src/main/AndroidManifest.xml:20:13-42
24        <activity
24-->src/main/AndroidManifest.xml:21:9-25:45
25            android:name="com.ryg.chapter_11.DemoActivity_1"
25-->src/main/AndroidManifest.xml:22:13-43
26            android:configChanges="screenLayout"
26-->src/main/AndroidManifest.xml:23:13-49
27            android:label="@string/title_scene_1"
27-->src/main/AndroidManifest.xml:24:13-50
28            android:launchMode="standard" />
28-->src/main/AndroidManifest.xml:25:13-42
29        <activity
29-->src/main/AndroidManifest.xml:26:9-30:45
30            android:name="com.ryg.chapter_11.DemoActivity_2"
30-->src/main/AndroidManifest.xml:27:13-43
31            android:configChanges="screenLayout"
31-->src/main/AndroidManifest.xml:28:13-49
32            android:label="@string/app_name"
32-->src/main/AndroidManifest.xml:29:13-45
33            android:launchMode="standard" />
33-->src/main/AndroidManifest.xml:30:13-42
34        <activity
34-->src/main/AndroidManifest.xml:31:9-39:20
35            android:name="com.ryg.chapter_11.MainActivity"
35-->src/main/AndroidManifest.xml:32:13-41
36            android:label="@string/app_name" >
36-->src/main/AndroidManifest.xml:33:13-45
37            <intent-filter>
37-->src/main/AndroidManifest.xml:34:13-38:29
38                <action android:name="android.intent.action.MAIN" />
38-->src/main/AndroidManifest.xml:35:17-69
38-->src/main/AndroidManifest.xml:35:25-66
39
40                <category android:name="android.intent.category.LAUNCHER" />
40-->src/main/AndroidManifest.xml:37:17-77
40-->src/main/AndroidManifest.xml:37:27-74
41            </intent-filter>
42        </activity>
43
44        <receiver android:name="com.ryg.chapter_11.MyReceiver" >
44-->src/main/AndroidManifest.xml:41:9-45:20
44-->src/main/AndroidManifest.xml:41:19-45
45            <intent-filter>
45-->src/main/AndroidManifest.xml:42:13-44:29
46                <action android:name="com.ryg.receiver.LAUNCH" />
46-->src/main/AndroidManifest.xml:43:17-66
46-->src/main/AndroidManifest.xml:43:25-63
47            </intent-filter>
48        </receiver>
49
50        <service android:name="com.ryg.chapter_11.LocalIntentService" />
50-->src/main/AndroidManifest.xml:47:9-55
50-->src/main/AndroidManifest.xml:47:18-52
51    </application>
52
53</manifest>